<?xml version="1.0" encoding="UTF-8"?>
<testsuite xmlns:xsi="http://www.w3.org/2001/XMLSchema-instance" xsi:noNamespaceSchemaLocation="https://maven.apache.org/surefire/maven-surefire-plugin/xsd/surefire-test-report-3.0.xsd" version="3.0" name="com.example.ollamahellothere.OllamaHelloThereApplicationTests" time="4.548" tests="1" errors="0" skipped="0" failures="0">
  <properties>
    <property name="awt.toolkit" value="sun.awt.X11.XToolkit"/>
    <property name="java.specification.version" value="21"/>
    <property name="jdk.extensions.version" value="21.0.3.0-ea"/>
    <property name="file.encoding.pkg" value="sun.io"/>
    <property name="sun.jnu.encoding" value="UTF-8"/>
    <property name="java.class.path" value="/home/tahsin/Documents/DevApps/ollama-hello-there/target/test-classes:/home/tahsin/Documents/DevApps/ollama-hello-there/target/classes:/home/tahsin/.m2/repository/org/springframework/boot/spring-boot-starter-web/3.3.0/spring-boot-starter-web-3.3.0.jar:/home/tahsin/.m2/repository/org/springframework/boot/spring-boot-starter/3.3.0/spring-boot-starter-3.3.0.jar:/home/tahsin/.m2/repository/org/springframework/boot/spring-boot/3.3.0/spring-boot-3.3.0.jar:/home/tahsin/.m2/repository/org/springframework/boot/spring-boot-autoconfigure/3.3.0/spring-boot-autoconfigure-3.3.0.jar:/home/tahsin/.m2/repository/org/springframework/boot/spring-boot-starter-logging/3.3.0/spring-boot-starter-logging-3.3.0.jar:/home/tahsin/.m2/repository/ch/qos/logback/logback-classic/1.5.6/logback-classic-1.5.6.jar:/home/tahsin/.m2/repository/ch/qos/logback/logback-core/1.5.6/logback-core-1.5.6.jar:/home/tahsin/.m2/repository/org/apache/logging/log4j/log4j-to-slf4j/2.23.1/log4j-to-slf4j-2.23.1.jar:/home/tahsin/.m2/repository/org/apache/logging/log4j/log4j-api/2.23.1/log4j-api-2.23.1.jar:/home/tahsin/.m2/repository/org/slf4j/jul-to-slf4j/2.0.13/jul-to-slf4j-2.0.13.jar:/home/tahsin/.m2/repository/jakarta/annotation/jakarta.annotation-api/2.1.1/jakarta.annotation-api-2.1.1.jar:/home/tahsin/.m2/repository/org/yaml/snakeyaml/2.2/snakeyaml-2.2.jar:/home/tahsin/.m2/repository/org/springframework/boot/spring-boot-starter-json/3.3.0/spring-boot-starter-json-3.3.0.jar:/home/tahsin/.m2/repository/com/fasterxml/jackson/core/jackson-databind/2.17.1/jackson-databind-2.17.1.jar:/home/tahsin/.m2/repository/com/fasterxml/jackson/core/jackson-annotations/2.17.1/jackson-annotations-2.17.1.jar:/home/tahsin/.m2/repository/com/fasterxml/jackson/core/jackson-core/2.17.1/jackson-core-2.17.1.jar:/home/tahsin/.m2/repository/com/fasterxml/jackson/datatype/jackson-datatype-jdk8/2.17.1/jackson-datatype-jdk8-2.17.1.jar:/home/tahsin/.m2/repository/com/fasterxml/jackson/datatype/jackson-datatype-jsr310/2.17.1/jackson-datatype-jsr310-2.17.1.jar:/home/tahsin/.m2/repository/com/fasterxml/jackson/module/jackson-module-parameter-names/2.17.1/jackson-module-parameter-names-2.17.1.jar:/home/tahsin/.m2/repository/org/springframework/boot/spring-boot-starter-tomcat/3.3.0/spring-boot-starter-tomcat-3.3.0.jar:/home/tahsin/.m2/repository/org/apache/tomcat/embed/tomcat-embed-core/10.1.24/tomcat-embed-core-10.1.24.jar:/home/tahsin/.m2/repository/org/apache/tomcat/embed/tomcat-embed-el/10.1.24/tomcat-embed-el-10.1.24.jar:/home/tahsin/.m2/repository/org/apache/tomcat/embed/tomcat-embed-websocket/10.1.24/tomcat-embed-websocket-10.1.24.jar:/home/tahsin/.m2/repository/org/springframework/spring-web/6.1.8/spring-web-6.1.8.jar:/home/tahsin/.m2/repository/org/springframework/spring-beans/6.1.8/spring-beans-6.1.8.jar:/home/tahsin/.m2/repository/io/micrometer/micrometer-observation/1.13.0/micrometer-observation-1.13.0.jar:/home/tahsin/.m2/repository/io/micrometer/micrometer-commons/1.13.0/micrometer-commons-1.13.0.jar:/home/tahsin/.m2/repository/org/springframework/spring-webmvc/6.1.8/spring-webmvc-6.1.8.jar:/home/tahsin/.m2/repository/org/springframework/spring-aop/6.1.8/spring-aop-6.1.8.jar:/home/tahsin/.m2/repository/org/springframework/spring-context/6.1.8/spring-context-6.1.8.jar:/home/tahsin/.m2/repository/org/springframework/spring-expression/6.1.8/spring-expression-6.1.8.jar:/home/tahsin/.m2/repository/org/springframework/ai/spring-ai-ollama-spring-boot-starter/1.0.0-M1/spring-ai-ollama-spring-boot-starter-1.0.0-M1.jar:/home/tahsin/.m2/repository/org/springframework/ai/spring-ai-spring-boot-autoconfigure/1.0.0-M1/spring-ai-spring-boot-autoconfigure-1.0.0-M1.jar:/home/tahsin/.m2/repository/com/google/protobuf/protobuf-java/3.25.2/protobuf-java-3.25.2.jar:/home/tahsin/.m2/repository/io/netty/netty-codec-http2/4.1.110.Final/netty-codec-http2-4.1.110.Final.jar:/home/tahsin/.m2/repository/io/netty/netty-common/4.1.110.Final/netty-common-4.1.110.Final.jar:/home/tahsin/.m2/repository/io/netty/netty-buffer/4.1.110.Final/netty-buffer-4.1.110.Final.jar:/home/tahsin/.m2/repository/io/netty/netty-transport/4.1.110.Final/netty-transport-4.1.110.Final.jar:/home/tahsin/.m2/repository/io/netty/netty-resolver/4.1.110.Final/netty-resolver-4.1.110.Final.jar:/home/tahsin/.m2/repository/io/netty/netty-codec/4.1.110.Final/netty-codec-4.1.110.Final.jar:/home/tahsin/.m2/repository/io/netty/netty-handler/4.1.110.Final/netty-handler-4.1.110.Final.jar:/home/tahsin/.m2/repository/io/netty/netty-transport-native-unix-common/4.1.110.Final/netty-transport-native-unix-common-4.1.110.Final.jar:/home/tahsin/.m2/repository/io/netty/netty-codec-http/4.1.110.Final/netty-codec-http-4.1.110.Final.jar:/home/tahsin/.m2/repository/redis/clients/jedis/5.0.2/jedis-5.0.2.jar:/home/tahsin/.m2/repository/org/apache/commons/commons-pool2/2.12.0/commons-pool2-2.12.0.jar:/home/tahsin/.m2/repository/org/json/json/20231013/json-20231013.jar:/home/tahsin/.m2/repository/com/google/code/gson/gson/2.10.1/gson-2.10.1.jar:/home/tahsin/.m2/repository/org/springframework/ai/spring-ai-ollama/1.0.0-M1/spring-ai-ollama-1.0.0-M1.jar:/home/tahsin/.m2/repository/org/springframework/ai/spring-ai-core/1.0.0-M1/spring-ai-core-1.0.0-M1.jar:/home/tahsin/.m2/repository/io/swagger/core/v3/swagger-annotations/2.2.20/swagger-annotations-2.2.20.jar:/home/tahsin/.m2/repository/com/github/victools/jsonschema-module-swagger-2/4.35.0/jsonschema-module-swagger-2-4.35.0.jar:/home/tahsin/.m2/repository/org/springframework/cloud/spring-cloud-function-context/4.1.1/spring-cloud-function-context-4.1.1.jar:/home/tahsin/.m2/repository/net/jodah/typetools/0.6.2/typetools-0.6.2.jar:/home/tahsin/.m2/repository/org/springframework/cloud/spring-cloud-function-core/4.1.1/spring-cloud-function-core-4.1.1.jar:/home/tahsin/.m2/repository/org/antlr/stringtemplate/4.0.2/stringtemplate-4.0.2.jar:/home/tahsin/.m2/repository/org/antlr/antlr-runtime/3.3/antlr-runtime-3.3.jar:/home/tahsin/.m2/repository/org/antlr/antlr4-runtime/4.13.1/antlr4-runtime-4.13.1.jar:/home/tahsin/.m2/repository/io/projectreactor/reactor-core/3.6.6/reactor-core-3.6.6.jar:/home/tahsin/.m2/repository/org/reactivestreams/reactive-streams/1.0.4/reactive-streams-1.0.4.jar:/home/tahsin/.m2/repository/org/springframework/spring-messaging/6.1.8/spring-messaging-6.1.8.jar:/home/tahsin/.m2/repository/com/knuddels/jtokkit/1.0.0/jtokkit-1.0.0.jar:/home/tahsin/.m2/repository/com/github/victools/jsonschema-generator/4.35.0/jsonschema-generator-4.35.0.jar:/home/tahsin/.m2/repository/com/fasterxml/classmate/1.7.0/classmate-1.7.0.jar:/home/tahsin/.m2/repository/com/github/victools/jsonschema-module-jackson/4.35.0/jsonschema-module-jackson-4.35.0.jar:/home/tahsin/.m2/repository/org/springframework/ai/spring-ai-retry/1.0.0-M1/spring-ai-retry-1.0.0-M1.jar:/home/tahsin/.m2/repository/org/springframework/retry/spring-retry/2.0.6/spring-retry-2.0.6.jar:/home/tahsin/.m2/repository/org/springframework/spring-webflux/6.1.8/spring-webflux-6.1.8.jar:/home/tahsin/.m2/repository/org/projectlombok/lombok/1.18.32/lombok-1.18.32.jar:/home/tahsin/.m2/repository/org/springframework/boot/spring-boot-starter-test/3.3.0/spring-boot-starter-test-3.3.0.jar:/home/tahsin/.m2/repository/org/springframework/boot/spring-boot-test/3.3.0/spring-boot-test-3.3.0.jar:/home/tahsin/.m2/repository/org/springframework/boot/spring-boot-test-autoconfigure/3.3.0/spring-boot-test-autoconfigure-3.3.0.jar:/home/tahsin/.m2/repository/com/jayway/jsonpath/json-path/2.9.0/json-path-2.9.0.jar:/home/tahsin/.m2/repository/org/slf4j/slf4j-api/2.0.13/slf4j-api-2.0.13.jar:/home/tahsin/.m2/repository/jakarta/xml/bind/jakarta.xml.bind-api/4.0.2/jakarta.xml.bind-api-4.0.2.jar:/home/tahsin/.m2/repository/jakarta/activation/jakarta.activation-api/2.1.3/jakarta.activation-api-2.1.3.jar:/home/tahsin/.m2/repository/net/minidev/json-smart/2.5.1/json-smart-2.5.1.jar:/home/tahsin/.m2/repository/net/minidev/accessors-smart/2.5.1/accessors-smart-2.5.1.jar:/home/tahsin/.m2/repository/org/ow2/asm/asm/9.6/asm-9.6.jar:/home/tahsin/.m2/repository/org/assertj/assertj-core/3.25.3/assertj-core-3.25.3.jar:/home/tahsin/.m2/repository/net/bytebuddy/byte-buddy/1.14.16/byte-buddy-1.14.16.jar:/home/tahsin/.m2/repository/org/awaitility/awaitility/4.2.1/awaitility-4.2.1.jar:/home/tahsin/.m2/repository/org/hamcrest/hamcrest/2.2/hamcrest-2.2.jar:/home/tahsin/.m2/repository/org/junit/jupiter/junit-jupiter/5.10.2/junit-jupiter-5.10.2.jar:/home/tahsin/.m2/repository/org/junit/jupiter/junit-jupiter-api/5.10.2/junit-jupiter-api-5.10.2.jar:/home/tahsin/.m2/repository/org/opentest4j/opentest4j/1.3.0/opentest4j-1.3.0.jar:/home/tahsin/.m2/repository/org/junit/platform/junit-platform-commons/1.10.2/junit-platform-commons-1.10.2.jar:/home/tahsin/.m2/repository/org/apiguardian/apiguardian-api/1.1.2/apiguardian-api-1.1.2.jar:/home/tahsin/.m2/repository/org/junit/jupiter/junit-jupiter-params/5.10.2/junit-jupiter-params-5.10.2.jar:/home/tahsin/.m2/repository/org/junit/jupiter/junit-jupiter-engine/5.10.2/junit-jupiter-engine-5.10.2.jar:/home/tahsin/.m2/repository/org/junit/platform/junit-platform-engine/1.10.2/junit-platform-engine-1.10.2.jar:/home/tahsin/.m2/repository/org/mockito/mockito-core/5.11.0/mockito-core-5.11.0.jar:/home/tahsin/.m2/repository/net/bytebuddy/byte-buddy-agent/1.14.16/byte-buddy-agent-1.14.16.jar:/home/tahsin/.m2/repository/org/objenesis/objenesis/3.3/objenesis-3.3.jar:/home/tahsin/.m2/repository/org/mockito/mockito-junit-jupiter/5.11.0/mockito-junit-jupiter-5.11.0.jar:/home/tahsin/.m2/repository/org/skyscreamer/jsonassert/1.5.1/jsonassert-1.5.1.jar:/home/tahsin/.m2/repository/com/vaadin/external/google/android-json/0.0.20131108.vaadin1/android-json-0.0.20131108.vaadin1.jar:/home/tahsin/.m2/repository/org/springframework/spring-core/6.1.8/spring-core-6.1.8.jar:/home/tahsin/.m2/repository/org/springframework/spring-jcl/6.1.8/spring-jcl-6.1.8.jar:/home/tahsin/.m2/repository/org/springframework/spring-test/6.1.8/spring-test-6.1.8.jar:/home/tahsin/.m2/repository/org/xmlunit/xmlunit-core/2.9.1/xmlunit-core-2.9.1.jar:"/>
    <property name="java.vm.vendor" value="Eclipse OpenJ9"/>
    <property name="sun.arch.data.model" value="64"/>
    <property name="com.ibm.vm.bitmode" value="64"/>
    <property name="user.variant" value=""/>
    <property name="com.ibm.oti.vm.library.version" value="29"/>
    <property name="java.vendor.url" value="https://www.ibm.com/semeru-runtimes"/>
    <property name="user.timezone" value="Europe/Warsaw"/>
    <property name="os.name" value="Linux"/>
    <property name="java.vm.specification.version" value="21"/>
    <property name="user.country" value="US"/>
    <property name="sun.java.launcher" value="SUN_STANDARD"/>
    <property name="sun.boot.library.path" value="/home/tahsin/.jdks/semeru-21.0.3/lib/default:/home/tahsin/.jdks/semeru-21.0.3/lib"/>
    <property name="sun.java.command" value="/home/tahsin/Documents/DevApps/ollama-hello-there/target/surefire/surefirebooter-20240611213600824_3.jar /home/tahsin/Documents/DevApps/ollama-hello-there/target/surefire 2024-06-11T21-36-00_687-jvmRun1 surefire-20240611213600824_1tmp surefire_0-20240611213600824_2tmp"/>
    <property name="surefire.test.class.path" value="/home/tahsin/Documents/DevApps/ollama-hello-there/target/test-classes:/home/tahsin/Documents/DevApps/ollama-hello-there/target/classes:/home/tahsin/.m2/repository/org/springframework/boot/spring-boot-starter-web/3.3.0/spring-boot-starter-web-3.3.0.jar:/home/tahsin/.m2/repository/org/springframework/boot/spring-boot-starter/3.3.0/spring-boot-starter-3.3.0.jar:/home/tahsin/.m2/repository/org/springframework/boot/spring-boot/3.3.0/spring-boot-3.3.0.jar:/home/tahsin/.m2/repository/org/springframework/boot/spring-boot-autoconfigure/3.3.0/spring-boot-autoconfigure-3.3.0.jar:/home/tahsin/.m2/repository/org/springframework/boot/spring-boot-starter-logging/3.3.0/spring-boot-starter-logging-3.3.0.jar:/home/tahsin/.m2/repository/ch/qos/logback/logback-classic/1.5.6/logback-classic-1.5.6.jar:/home/tahsin/.m2/repository/ch/qos/logback/logback-core/1.5.6/logback-core-1.5.6.jar:/home/tahsin/.m2/repository/org/apache/logging/log4j/log4j-to-slf4j/2.23.1/log4j-to-slf4j-2.23.1.jar:/home/tahsin/.m2/repository/org/apache/logging/log4j/log4j-api/2.23.1/log4j-api-2.23.1.jar:/home/tahsin/.m2/repository/org/slf4j/jul-to-slf4j/2.0.13/jul-to-slf4j-2.0.13.jar:/home/tahsin/.m2/repository/jakarta/annotation/jakarta.annotation-api/2.1.1/jakarta.annotation-api-2.1.1.jar:/home/tahsin/.m2/repository/org/yaml/snakeyaml/2.2/snakeyaml-2.2.jar:/home/tahsin/.m2/repository/org/springframework/boot/spring-boot-starter-json/3.3.0/spring-boot-starter-json-3.3.0.jar:/home/tahsin/.m2/repository/com/fasterxml/jackson/core/jackson-databind/2.17.1/jackson-databind-2.17.1.jar:/home/tahsin/.m2/repository/com/fasterxml/jackson/core/jackson-annotations/2.17.1/jackson-annotations-2.17.1.jar:/home/tahsin/.m2/repository/com/fasterxml/jackson/core/jackson-core/2.17.1/jackson-core-2.17.1.jar:/home/tahsin/.m2/repository/com/fasterxml/jackson/datatype/jackson-datatype-jdk8/2.17.1/jackson-datatype-jdk8-2.17.1.jar:/home/tahsin/.m2/repository/com/fasterxml/jackson/datatype/jackson-datatype-jsr310/2.17.1/jackson-datatype-jsr310-2.17.1.jar:/home/tahsin/.m2/repository/com/fasterxml/jackson/module/jackson-module-parameter-names/2.17.1/jackson-module-parameter-names-2.17.1.jar:/home/tahsin/.m2/repository/org/springframework/boot/spring-boot-starter-tomcat/3.3.0/spring-boot-starter-tomcat-3.3.0.jar:/home/tahsin/.m2/repository/org/apache/tomcat/embed/tomcat-embed-core/10.1.24/tomcat-embed-core-10.1.24.jar:/home/tahsin/.m2/repository/org/apache/tomcat/embed/tomcat-embed-el/10.1.24/tomcat-embed-el-10.1.24.jar:/home/tahsin/.m2/repository/org/apache/tomcat/embed/tomcat-embed-websocket/10.1.24/tomcat-embed-websocket-10.1.24.jar:/home/tahsin/.m2/repository/org/springframework/spring-web/6.1.8/spring-web-6.1.8.jar:/home/tahsin/.m2/repository/org/springframework/spring-beans/6.1.8/spring-beans-6.1.8.jar:/home/tahsin/.m2/repository/io/micrometer/micrometer-observation/1.13.0/micrometer-observation-1.13.0.jar:/home/tahsin/.m2/repository/io/micrometer/micrometer-commons/1.13.0/micrometer-commons-1.13.0.jar:/home/tahsin/.m2/repository/org/springframework/spring-webmvc/6.1.8/spring-webmvc-6.1.8.jar:/home/tahsin/.m2/repository/org/springframework/spring-aop/6.1.8/spring-aop-6.1.8.jar:/home/tahsin/.m2/repository/org/springframework/spring-context/6.1.8/spring-context-6.1.8.jar:/home/tahsin/.m2/repository/org/springframework/spring-expression/6.1.8/spring-expression-6.1.8.jar:/home/tahsin/.m2/repository/org/springframework/ai/spring-ai-ollama-spring-boot-starter/1.0.0-M1/spring-ai-ollama-spring-boot-starter-1.0.0-M1.jar:/home/tahsin/.m2/repository/org/springframework/ai/spring-ai-spring-boot-autoconfigure/1.0.0-M1/spring-ai-spring-boot-autoconfigure-1.0.0-M1.jar:/home/tahsin/.m2/repository/com/google/protobuf/protobuf-java/3.25.2/protobuf-java-3.25.2.jar:/home/tahsin/.m2/repository/io/netty/netty-codec-http2/4.1.110.Final/netty-codec-http2-4.1.110.Final.jar:/home/tahsin/.m2/repository/io/netty/netty-common/4.1.110.Final/netty-common-4.1.110.Final.jar:/home/tahsin/.m2/repository/io/netty/netty-buffer/4.1.110.Final/netty-buffer-4.1.110.Final.jar:/home/tahsin/.m2/repository/io/netty/netty-transport/4.1.110.Final/netty-transport-4.1.110.Final.jar:/home/tahsin/.m2/repository/io/netty/netty-resolver/4.1.110.Final/netty-resolver-4.1.110.Final.jar:/home/tahsin/.m2/repository/io/netty/netty-codec/4.1.110.Final/netty-codec-4.1.110.Final.jar:/home/tahsin/.m2/repository/io/netty/netty-handler/4.1.110.Final/netty-handler-4.1.110.Final.jar:/home/tahsin/.m2/repository/io/netty/netty-transport-native-unix-common/4.1.110.Final/netty-transport-native-unix-common-4.1.110.Final.jar:/home/tahsin/.m2/repository/io/netty/netty-codec-http/4.1.110.Final/netty-codec-http-4.1.110.Final.jar:/home/tahsin/.m2/repository/redis/clients/jedis/5.0.2/jedis-5.0.2.jar:/home/tahsin/.m2/repository/org/apache/commons/commons-pool2/2.12.0/commons-pool2-2.12.0.jar:/home/tahsin/.m2/repository/org/json/json/20231013/json-20231013.jar:/home/tahsin/.m2/repository/com/google/code/gson/gson/2.10.1/gson-2.10.1.jar:/home/tahsin/.m2/repository/org/springframework/ai/spring-ai-ollama/1.0.0-M1/spring-ai-ollama-1.0.0-M1.jar:/home/tahsin/.m2/repository/org/springframework/ai/spring-ai-core/1.0.0-M1/spring-ai-core-1.0.0-M1.jar:/home/tahsin/.m2/repository/io/swagger/core/v3/swagger-annotations/2.2.20/swagger-annotations-2.2.20.jar:/home/tahsin/.m2/repository/com/github/victools/jsonschema-module-swagger-2/4.35.0/jsonschema-module-swagger-2-4.35.0.jar:/home/tahsin/.m2/repository/org/springframework/cloud/spring-cloud-function-context/4.1.1/spring-cloud-function-context-4.1.1.jar:/home/tahsin/.m2/repository/net/jodah/typetools/0.6.2/typetools-0.6.2.jar:/home/tahsin/.m2/repository/org/springframework/cloud/spring-cloud-function-core/4.1.1/spring-cloud-function-core-4.1.1.jar:/home/tahsin/.m2/repository/org/antlr/stringtemplate/4.0.2/stringtemplate-4.0.2.jar:/home/tahsin/.m2/repository/org/antlr/antlr-runtime/3.3/antlr-runtime-3.3.jar:/home/tahsin/.m2/repository/org/antlr/antlr4-runtime/4.13.1/antlr4-runtime-4.13.1.jar:/home/tahsin/.m2/repository/io/projectreactor/reactor-core/3.6.6/reactor-core-3.6.6.jar:/home/tahsin/.m2/repository/org/reactivestreams/reactive-streams/1.0.4/reactive-streams-1.0.4.jar:/home/tahsin/.m2/repository/org/springframework/spring-messaging/6.1.8/spring-messaging-6.1.8.jar:/home/tahsin/.m2/repository/com/knuddels/jtokkit/1.0.0/jtokkit-1.0.0.jar:/home/tahsin/.m2/repository/com/github/victools/jsonschema-generator/4.35.0/jsonschema-generator-4.35.0.jar:/home/tahsin/.m2/repository/com/fasterxml/classmate/1.7.0/classmate-1.7.0.jar:/home/tahsin/.m2/repository/com/github/victools/jsonschema-module-jackson/4.35.0/jsonschema-module-jackson-4.35.0.jar:/home/tahsin/.m2/repository/org/springframework/ai/spring-ai-retry/1.0.0-M1/spring-ai-retry-1.0.0-M1.jar:/home/tahsin/.m2/repository/org/springframework/retry/spring-retry/2.0.6/spring-retry-2.0.6.jar:/home/tahsin/.m2/repository/org/springframework/spring-webflux/6.1.8/spring-webflux-6.1.8.jar:/home/tahsin/.m2/repository/org/projectlombok/lombok/1.18.32/lombok-1.18.32.jar:/home/tahsin/.m2/repository/org/springframework/boot/spring-boot-starter-test/3.3.0/spring-boot-starter-test-3.3.0.jar:/home/tahsin/.m2/repository/org/springframework/boot/spring-boot-test/3.3.0/spring-boot-test-3.3.0.jar:/home/tahsin/.m2/repository/org/springframework/boot/spring-boot-test-autoconfigure/3.3.0/spring-boot-test-autoconfigure-3.3.0.jar:/home/tahsin/.m2/repository/com/jayway/jsonpath/json-path/2.9.0/json-path-2.9.0.jar:/home/tahsin/.m2/repository/org/slf4j/slf4j-api/2.0.13/slf4j-api-2.0.13.jar:/home/tahsin/.m2/repository/jakarta/xml/bind/jakarta.xml.bind-api/4.0.2/jakarta.xml.bind-api-4.0.2.jar:/home/tahsin/.m2/repository/jakarta/activation/jakarta.activation-api/2.1.3/jakarta.activation-api-2.1.3.jar:/home/tahsin/.m2/repository/net/minidev/json-smart/2.5.1/json-smart-2.5.1.jar:/home/tahsin/.m2/repository/net/minidev/accessors-smart/2.5.1/accessors-smart-2.5.1.jar:/home/tahsin/.m2/repository/org/ow2/asm/asm/9.6/asm-9.6.jar:/home/tahsin/.m2/repository/org/assertj/assertj-core/3.25.3/assertj-core-3.25.3.jar:/home/tahsin/.m2/repository/net/bytebuddy/byte-buddy/1.14.16/byte-buddy-1.14.16.jar:/home/tahsin/.m2/repository/org/awaitility/awaitility/4.2.1/awaitility-4.2.1.jar:/home/tahsin/.m2/repository/org/hamcrest/hamcrest/2.2/hamcrest-2.2.jar:/home/tahsin/.m2/repository/org/junit/jupiter/junit-jupiter/5.10.2/junit-jupiter-5.10.2.jar:/home/tahsin/.m2/repository/org/junit/jupiter/junit-jupiter-api/5.10.2/junit-jupiter-api-5.10.2.jar:/home/tahsin/.m2/repository/org/opentest4j/opentest4j/1.3.0/opentest4j-1.3.0.jar:/home/tahsin/.m2/repository/org/junit/platform/junit-platform-commons/1.10.2/junit-platform-commons-1.10.2.jar:/home/tahsin/.m2/repository/org/apiguardian/apiguardian-api/1.1.2/apiguardian-api-1.1.2.jar:/home/tahsin/.m2/repository/org/junit/jupiter/junit-jupiter-params/5.10.2/junit-jupiter-params-5.10.2.jar:/home/tahsin/.m2/repository/org/junit/jupiter/junit-jupiter-engine/5.10.2/junit-jupiter-engine-5.10.2.jar:/home/tahsin/.m2/repository/org/junit/platform/junit-platform-engine/1.10.2/junit-platform-engine-1.10.2.jar:/home/tahsin/.m2/repository/org/mockito/mockito-core/5.11.0/mockito-core-5.11.0.jar:/home/tahsin/.m2/repository/net/bytebuddy/byte-buddy-agent/1.14.16/byte-buddy-agent-1.14.16.jar:/home/tahsin/.m2/repository/org/objenesis/objenesis/3.3/objenesis-3.3.jar:/home/tahsin/.m2/repository/org/mockito/mockito-junit-jupiter/5.11.0/mockito-junit-jupiter-5.11.0.jar:/home/tahsin/.m2/repository/org/skyscreamer/jsonassert/1.5.1/jsonassert-1.5.1.jar:/home/tahsin/.m2/repository/com/vaadin/external/google/android-json/0.0.20131108.vaadin1/android-json-0.0.20131108.vaadin1.jar:/home/tahsin/.m2/repository/org/springframework/spring-core/6.1.8/spring-core-6.1.8.jar:/home/tahsin/.m2/repository/org/springframework/spring-jcl/6.1.8/spring-jcl-6.1.8.jar:/home/tahsin/.m2/repository/org/springframework/spring-test/6.1.8/spring-test-6.1.8.jar:/home/tahsin/.m2/repository/org/xmlunit/xmlunit-core/2.9.1/xmlunit-core-2.9.1.jar:"/>
    <property name="sun.cpu.endian" value="little"/>
    <property name="user.home" value="/home/tahsin"/>
    <property name="user.language" value="en"/>
    <property name="java.specification.vendor" value="Oracle Corporation"/>
    <property name="java.version.date" value="2024-04-16"/>
    <property name="java.home" value="/home/tahsin/.jdks/semeru-21.0.3"/>
    <property name="ibm.signalhandling.rs" value="false"/>
    <property name="openjdk.methodhandles" value="true"/>
    <property name="file.separator" value="/"/>
    <property name="jdk.extensions.name" value="Extensions for OpenJDK for Eclipse OpenJ9"/>
    <property name="basedir" value="/home/tahsin/Documents/DevApps/ollama-hello-there"/>
    <property name="line.separator" value="&#10;"/>
    <property name="java.specification.name" value="Java Platform API Specification"/>
    <property name="java.vm.specification.vendor" value="Oracle Corporation"/>
    <property name="FILE_LOG_CHARSET" value="UTF-8"/>
    <property name="com.ibm.util.extralibs.properties" value=""/>
    <property name="java.awt.graphicsenv" value="sun.awt.X11GraphicsEnvironment"/>
    <property name="java.awt.headless" value="true"/>
    <property name="com.ibm.oti.configuration" value="scar"/>
    <property name="java.awt.fonts" value=""/>
    <property name="surefire.real.class.path" value="/home/tahsin/Documents/DevApps/ollama-hello-there/target/surefire/surefirebooter-20240611213600824_3.jar"/>
    <property name="com.ibm.oti.shared.enabled" value="false"/>
    <property name="com.ibm.oti.vm.bootstrap.library.path" value="/home/tahsin/.jdks/semeru-21.0.3/lib/default:/home/tahsin/.jdks/semeru-21.0.3/lib"/>
    <property name="com.ibm.cpu.endian" value="little"/>
    <property name="java.fullversion" value="21.0.3+7-LTS&#10;JRE 21 Linux amd64-64-Bit Compressed References 20240416_148 (JIT enabled, AOT enabled)&#10;OpenJ9   - 8b079b5c1&#10;OMR      - 254af5a04&#10;JCL      - 5b5adb35189 based on jdk-21.0.3+7"/>
    <property name="java.runtime.version" value="21.0.3+7-LTS"/>
    <property name="user.name" value="tahsin"/>
    <property name="stdout.encoding" value="UTF-8"/>
    <property name="path.separator" value=":"/>
    <property name="os.version" value="6.5.0-35-generic"/>
    <property name="java.runtime.name" value="IBM Semeru Runtime Open Edition"/>
    <property name="ibm.signalhandling.sigint" value="true"/>
    <property name="org.eclipse.openj9.criu.isCRaCCapable" value="true"/>
    <property name="file.encoding" value="UTF-8"/>
    <property name="openj9.compiler" value="j9jit29"/>
    <property name="org.eclipse.openj9.criu.isCRIUCapable" value="true"/>
    <property name="java.vm.name" value="Eclipse OpenJ9 VM"/>
    <property name="java.vendor.version" value="21.0.3.0-m2"/>
    <property name="ibm.signalhandling.sigchain" value="true"/>
    <property name="localRepository" value="/home/tahsin/.m2/repository"/>
    <property name="java.vendor.url.bug" value="https://github.com/ibmruntimes/Semeru-Runtimes/issues"/>
    <property name="java.io.tmpdir" value="/tmp"/>
    <property name="idea.version" value="2024.1.3"/>
    <property name="java.version" value="21.0.3"/>
    <property name="com.ibm.system.agent.path" value="/home/tahsin/.jdks/semeru-21.0.3/lib"/>
    <property name="user.dir" value="/home/tahsin/Documents/DevApps/ollama-hello-there"/>
    <property name="os.arch" value="amd64"/>
    <property name="java.vm.specification.name" value="Java Virtual Machine Specification"/>
    <property name="PID" value="107767"/>
    <property name="java.awt.printerjob" value="sun.print.PSPrinterJob"/>
    <property name="os.encoding" value="UTF-8"/>
    <property name="CONSOLE_LOG_CHARSET" value="UTF-8"/>
    <property name="native.encoding" value="UTF-8"/>
    <property name="java.library.path" value="/home/tahsin/.jdks/semeru-21.0.3/lib/default:/home/tahsin/.jdks/semeru-21.0.3/lib:/usr/lib64:/usr/lib"/>
    <property name="java.vendor" value="IBM Corporation"/>
    <property name="java.vm.info" value="JRE 21 Linux amd64-64-Bit Compressed References 20240416_148 (JIT enabled, AOT enabled)&#10;OpenJ9   - 8b079b5c1&#10;OMR      - 254af5a04&#10;JCL      - 5b5adb35189 based on jdk-21.0.3+7"/>
    <property name="stderr.encoding" value="UTF-8"/>
    <property name="java.vm.version" value="v0.44.0-release-8b079b5c1"/>
    <property name="com.ibm.jcl.checkClassPath" value=""/>
    <property name="ibm.system.encoding" value="UTF-8"/>
    <property name="java.lang.invoke.VarHandle.VAR_HANDLE_GUARDS" value="false"/>
    <property name="sun.io.unicode.encoding" value="UnicodeLittle"/>
    <property name="java.class.version" value="65.0"/>
    <property name="LOGGED_APPLICATION_NAME" value="[ollama-hello-there] "/>
  </properties>
  <testcase name="contextLoads" classname="com.example.ollamahellothere.OllamaHelloThereApplicationTests" time="1.266">
    <system-out><![CDATA[21:36:02.288 [main] INFO org.springframework.test.context.support.AnnotationConfigContextLoaderUtils -- Could not detect default configuration classes for test class [com.example.ollamahellothere.OllamaHelloThereApplicationTests]: OllamaHelloThereApplicationTests does not declare any static, non-private, non-final, nested classes annotated with @Configuration.
21:36:02.423 [main] INFO org.springframework.boot.test.context.SpringBootTestContextBootstrapper -- Found @SpringBootConfiguration com.example.ollamahellothere.OllamaHelloThereApplication for test class com.example.ollamahellothere.OllamaHelloThereApplicationTests
  .   ____          _            __ _ _
 /\\ / ___'_ __ _ _(_)_ __  __ _ \ \ \ \
( ( )\___ | '_ | '_| | '_ \/ _` | \ \ \ \
 \\/  ___)| |_)| | | | | || (_| |  ) ) ) )
  '  |____| .__|_| |_|_| |_\__, | / / / /
 =========|_|==============|___/=/_/_/_/

 :: Spring Boot ::                (v3.3.0)

2024-06-11T21:36:02.884+02:00  WARN 107767 --- [ollama-hello-there] [           main] ory$DuplicateJsonObjectContextCustomizer : 

Found multiple occurrences of org.json.JSONObject on the class path:

	jar:file:/home/tahsin/.m2/repository/org/json/json/20231013/json-20231013.jar!/org/json/JSONObject.class
	jar:file:/home/tahsin/.m2/repository/com/vaadin/external/google/android-json/0.0.20131108.vaadin1/android-json-0.0.20131108.vaadin1.jar!/org/json/JSONObject.class

You may wish to exclude one of them to ensure predictable runtime behavior

2024-06-11T21:36:02.920+02:00  INFO 107767 --- [ollama-hello-there] [           main] c.e.o.OllamaHelloThereApplicationTests   : Starting OllamaHelloThereApplicationTests using Java 21.0.3 with PID 107767 (started by tahsin in /home/tahsin/Documents/DevApps/ollama-hello-there)
2024-06-11T21:36:02.921+02:00  INFO 107767 --- [ollama-hello-there] [           main] c.e.o.OllamaHelloThereApplicationTests   : No active profile set, falling back to 1 default profile: "default"
2024-06-11T21:36:05.245+02:00  INFO 107767 --- [ollama-hello-there] [           main] c.e.o.OllamaHelloThereApplicationTests   : Started OllamaHelloThereApplicationTests in 2.643 seconds (process running for 4.211)
]]></system-out>
    <system-err><![CDATA[WARNING: A Java agent has been loaded dynamically (/home/tahsin/.m2/repository/net/bytebuddy/byte-buddy-agent/1.14.16/byte-buddy-agent-1.14.16.jar)
WARNING: If a serviceability tool is in use, please run with -XX:+EnableDynamicAgentLoading to hide this warning
WARNING: If a serviceability tool is not in use, please run with -Djdk.instrument.traceUsage for more information
WARNING: Dynamic loading of agents will be disallowed by default in a future release
]]></system-err>
  </testcase>
</testsuite>